<?xml version="1.0" encoding="UTF-8"?>
<!-- Generated by org.testng.reporters.JUnitReportReporter -->
<testsuite hostname="DESKTOP-R05C0VE" failures="0" tests="2" name="autotesting.LoginRahulDP" time="43.596" errors="0" timestamp="2022-05-19T15:29:23 IST" skipped="0">
  <testcase classname="autotesting.LoginRahulDP" name="validateLoginPg" time="22.895"/>
  <system-out/>
  <testcase classname="autotesting.LoginRahulDP" name="validateLoginPg" time="20.701"/>
  <system-out/>
</testsuite> <!-- autotesting.LoginRahulDP -->
