<?xml version="1.0" encoding="UTF-8"?>
<!-- Generated by org.testng.reporters.JUnitReportReporter -->
<testsuite hostname="DESKTOP-R05C0VE" failures="0" tests="2" name="automationTesting.LoginExcelData" time="100.316" errors="0" timestamp="21 May 2022 10:39:15 GMT" skipped="0">
  <testcase classname="automationTesting.LoginExcelData" name="validateLoginPg" time="79.588"/>
  <testcase classname="automationTesting.LoginExcelData" name="validateLoginPg" time="20.728"/>
</testsuite> <!-- automationTesting.LoginExcelData -->
